<?xml version="1.0" encoding="UTF-8"?>
<!-- Generated by org.testng.reporters.JUnitReportReporter -->
<testsuite hostname="DESKTOP-IHE876C" failures="0" tests="20" name="tests.TestcasesFlow" time="27.103" errors="0" timestamp="2024-01-27T00:21:43 IST" skipped="0">
  <testcase classname="tests.TestcasesFlow" name="language_select" time="0.178"/>
  <testcase classname="tests.TestcasesFlow" name="select_country" time="24.282"/>
  <testcase classname="tests.TestcasesFlow" name="add_items_to_wishlist" time="0.042"/>
  <testcase classname="tests.TestcasesFlow" name="create_wishlist" time="0.029"/>
  <testcase classname="tests.TestcasesFlow" name="amazonpay_rewards" time="0.027"/>
  <testcase classname="tests.TestcasesFlow" name="amazonpay_mobilerecharge" time="0.022"/>
  <testcase classname="tests.TestcasesFlow" name="subscription_mail" time="0.019"/>
  <testcase classname="tests.TestcasesFlow" name="membership_subscriptions" time="0.020"/>
  <testcase classname="tests.TestcasesFlow" name="returns_Page_items" time="0.023"/>
  <testcase classname="tests.TestcasesFlow" name="returns_and_orders" time="0.014"/>
  <testcase classname="tests.TestcasesFlow" name="amazonpay_travel" time="0.016"/>
  <testcase classname="tests.TestcasesFlow" name="add_new_Address" time="1.836"/>
  <testcase classname="tests.TestcasesFlow" name="checkout_items_in_AmazonFresh" time="0.021"/>
  <testcase classname="tests.TestcasesFlow" name="check_amazon_prime" time="0.020"/>
  <testcase classname="tests.TestcasesFlow" name="newIteams_Releases_checkout" time="0.019"/>
  <testcase classname="tests.TestcasesFlow" name="scrollupdown_funtionality_using_backtotobutton" time="0.020"/>
  <testcase classname="tests.TestcasesFlow" name="scrollupdown_funtionality_without_using_backtotobutton" time="0.019"/>
  <testcase classname="tests.TestcasesFlow" name="searchItems_based_on_category" time="0.189"/>
  <testcase classname="tests.TestcasesFlow" name="searchItems_based_on_discountanddelivery" time="0.181"/>
  <testcase classname="tests.TestcasesFlow" name="buyItems" time="0.126"/>
</testsuite> <!-- tests.TestcasesFlow -->
